<?xml version="1.0" encoding="UTF-8"?>
<!-- Generated by org.testng.reporters.JUnitXMLReporter -->
<testsuite ignored="0" hostname="DESKTOP-6SDKDLL" failures="0" tests="1" name="FireFoxTest" time="0.191" errors="0" timestamp="2024-08-24T20:56:23 IST">
  <testcase classname="basetest.BaseTest" name="@BeforeMethod beforeMethodMethod" time="0.094">
    <failure type="org.openqa.selenium.SessionNotCreatedException" message="Could not start a new session. Possible causes are invalid address of the remote server or browser start-up failure. 
Host info: host: &amp;apos;DESKTOP-6SDKDLL&amp;apos;, ip: &amp;apos;192.168.3.107&amp;apos;">
      <![CDATA[org.openqa.selenium.SessionNotCreatedException: Could not start a new session. Possible causes are invalid address of the remote server or browser start-up failure. 
Host info: host: 'DESKTOP-6SDKDLL', ip: '192.168.3.107'
at org.openqa.selenium.remote.RemoteWebDriver.execute(RemoteWebDriver.java:545)
at org.openqa.selenium.remote.RemoteWebDriver.startSession(RemoteWebDriver.java:234)
at org.openqa.selenium.remote.RemoteWebDriver.<init>(RemoteWebDriver.java:163)
at org.openqa.selenium.firefox.FirefoxDriver.<init>(FirefoxDriver.java:155)
at org.openqa.selenium.firefox.FirefoxDriver.<init>(FirefoxDriver.java:150)
at org.openqa.selenium.firefox.FirefoxDriver.<init>(FirefoxDriver.java:132)
at org.openqa.selenium.firefox.FirefoxDriver.<init>(FirefoxDriver.java:127)
at org.openqa.selenium.firefox.FirefoxDriver.<init>(FirefoxDriver.java:112)
at org.openqa.selenium.firefox.FirefoxDriver.<init>(FirefoxDriver.java:102)
at basetest.BaseTest.setupDriver(BaseTest.java:80)
at basetest.BaseTest.beforeMethodMethod(BaseTest.java:53)
at java.base/java.util.ArrayList.forEach(ArrayList.java:1511)
Caused by: org.openqa.selenium.WebDriverException: Driver server process died prematurely.
Build info: version: '4.23.0', revision: '4df0a231af'
System info: os.name: 'Windows 11', os.arch: 'amd64', os.version: '10.0', java.version: '20.0.1'
Driver info: driver.version: FirefoxDriver
at org.openqa.selenium.remote.service.DriverService.start(DriverService.java:246)
at org.openqa.selenium.remote.service.DriverCommandExecutor.execute(DriverCommandExecutor.java:117)
at org.openqa.selenium.remote.RemoteWebDriver.execute(RemoteWebDriver.java:527)
... 40 more
... Removed 29 stack frames]]>
    </failure>
  </testcase> <!-- @BeforeMethod beforeMethodMethod -->
  <testcase classname="basetest.BaseTest" name="@AfterMethod aftermethod" time="-1.724513183536E9">
    <skipped/>
  </testcase> <!-- @AfterMethod aftermethod -->
  <testcase classname="qa.tests.Testcases1" name="sampleMethodForEnteringCredentials" time="0.0">
    <skipped/>
  </testcase> <!-- sampleMethodForEnteringCredentials -->
</testsuite> <!-- FireFoxTest -->
