<?xml version="1.0" encoding="UTF-8"?>
<testng-results ignored="0" total="2" passed="2" failed="0" skipped="0">
  <reporter-output>
  </reporter-output>
  <suite started-at="2024-08-24T20:57:26 IST" name="Suite" finished-at="2024-08-24T20:57:54 IST" duration-ms="28306">
    <groups>
    </groups>
    <test started-at="2024-08-24T20:57:26 IST" name="ChromeTest" finished-at="2024-08-24T20:57:40 IST" duration-ms="14256">
      <class name="qa.tests.Testcases1">
        <test-method is-config="true" signature="beforetest()[pri:0, instance:qa.tests.Testcases1@7c729a55]" started-at="2024-08-24T20:57:26 IST" name="beforetest" finished-at="2024-08-24T20:57:26 IST" duration-ms="322" status="PASS">
          <reporter-output>
          </reporter-output>
        </test-method> <!-- beforetest -->
        <test-method is-config="true" signature="beforeMethodMethod(java.lang.String,java.lang.reflect.Method)[pri:0, instance:qa.tests.Testcases1@7c729a55]" started-at="2024-08-24T20:57:26 IST" name="beforeMethodMethod" finished-at="2024-08-24T20:57:35 IST" duration-ms="8837" status="PASS">
          <params>
            <param index="0">
              <value>
                <![CDATA[chrome]]>
              </value>
            </param>
            <param index="1">
              <value>
                <![CDATA[public void qa.tests.Testcases1.sampleMethodForEnteringCredentials()]]>
              </value>
            </param>
          </params>
          <reporter-output>
          </reporter-output>
        </test-method> <!-- beforeMethodMethod -->
        <test-method signature="sampleMethodForEnteringCredentials()[pri:0, instance:qa.tests.Testcases1@7c729a55]" started-at="2024-08-24T20:57:35 IST" name="sampleMethodForEnteringCredentials" finished-at="2024-08-24T20:57:39 IST" duration-ms="4514" status="PASS">
          <reporter-output>
          </reporter-output>
        </test-method> <!-- sampleMethodForEnteringCredentials -->
        <test-method is-config="true" signature="aftermethod(org.testng.ITestResult)[pri:0, instance:qa.tests.Testcases1@7c729a55]" started-at="2024-08-24T20:57:39 IST" name="aftermethod" finished-at="2024-08-24T20:57:40 IST" duration-ms="207" status="PASS">
          <params>
            <param index="0">
              <value>
                <![CDATA[[TestResult name=sampleMethodForEnteringCredentials status=SUCCESS method=Testcases1.sampleMethodForEnteringCredentials()[pri:0, instance:qa.tests.Testcases1@7c729a55] output={null}]]]>
              </value>
            </param>
          </params>
          <reporter-output>
          </reporter-output>
        </test-method> <!-- aftermethod -->
        <test-method is-config="true" signature="afterclass()[pri:0, instance:qa.tests.Testcases1@7c729a55]" started-at="2024-08-24T20:57:40 IST" name="afterclass" finished-at="2024-08-24T20:57:40 IST" duration-ms="349" status="PASS">
          <reporter-output>
          </reporter-output>
        </test-method> <!-- afterclass -->
      </class> <!-- qa.tests.Testcases1 -->
    </test> <!-- ChromeTest -->
    <test started-at="2024-08-24T20:57:40 IST" name="EdgeTest" finished-at="2024-08-24T20:57:54 IST" duration-ms="14023">
      <class name="qa.tests.Testcases1">
        <test-method is-config="true" signature="beforetest()[pri:0, instance:qa.tests.Testcases1@5c33f1a9]" started-at="2024-08-24T20:57:40 IST" name="beforetest" finished-at="2024-08-24T20:57:40 IST" duration-ms="5" status="PASS">
          <reporter-output>
          </reporter-output>
        </test-method> <!-- beforetest -->
        <test-method is-config="true" signature="beforeMethodMethod(java.lang.String,java.lang.reflect.Method)[pri:0, instance:qa.tests.Testcases1@5c33f1a9]" started-at="2024-08-24T20:57:40 IST" name="beforeMethodMethod" finished-at="2024-08-24T20:57:49 IST" duration-ms="8577" status="PASS">
          <params>
            <param index="0">
              <value>
                <![CDATA[edge]]>
              </value>
            </param>
            <param index="1">
              <value>
                <![CDATA[public void qa.tests.Testcases1.sampleMethodForEnteringCredentials()]]>
              </value>
            </param>
          </params>
          <reporter-output>
          </reporter-output>
        </test-method> <!-- beforeMethodMethod -->
        <test-method signature="sampleMethodForEnteringCredentials()[pri:0, instance:qa.tests.Testcases1@5c33f1a9]" started-at="2024-08-24T20:57:49 IST" name="sampleMethodForEnteringCredentials" finished-at="2024-08-24T20:57:53 IST" duration-ms="3997" status="PASS">
          <reporter-output>
          </reporter-output>
        </test-method> <!-- sampleMethodForEnteringCredentials -->
        <test-method is-config="true" signature="aftermethod(org.testng.ITestResult)[pri:0, instance:qa.tests.Testcases1@5c33f1a9]" started-at="2024-08-24T20:57:53 IST" name="aftermethod" finished-at="2024-08-24T20:57:54 IST" duration-ms="1382" status="PASS">
          <params>
            <param index="0">
              <value>
                <![CDATA[[TestResult name=sampleMethodForEnteringCredentials status=SUCCESS method=Testcases1.sampleMethodForEnteringCredentials()[pri:0, instance:qa.tests.Testcases1@5c33f1a9] output={null}]]]>
              </value>
            </param>
          </params>
          <reporter-output>
          </reporter-output>
        </test-method> <!-- aftermethod -->
        <test-method is-config="true" signature="afterclass()[pri:0, instance:qa.tests.Testcases1@5c33f1a9]" started-at="2024-08-24T20:57:54 IST" name="afterclass" finished-at="2024-08-24T20:57:54 IST" duration-ms="62" status="PASS">
          <reporter-output>
          </reporter-output>
        </test-method> <!-- afterclass -->
      </class> <!-- qa.tests.Testcases1 -->
    </test> <!-- EdgeTest -->
  </suite> <!-- Suite -->
</testng-results>
